00000000C716541F08D6374BA53F6B22D55B964E0100BF0628D7652A99458184842B43AE8EA1000000077E480000

00000000C716541F08D6374BA53F6B22D55B964E0100BF0628D7652A99458184842B43AE8EA1000000077E5B0000

00000000C716541F08D6374BA53F6B22D55B964E0100BF0628D7652A99458184842B43AE8EA1000000077E590000

00000000C716541F08D6374BA53F6B22D55B964E0100BF0628D7652A99458184842B43AE8EA1000000077E550000

00000000C716541F08D6374BA53F6B22D55B964E0100BF0628D7652A99458184842B43AE8EA1000000077E500000

00000000C716541F08D6374BA53F6B22D55B964E0100BF0628D7652A99458184842B43AE8EA100000008423F0000

00000000C716541F08D6374BA53F6B22D55B964E0100BF0628D7652A99458184842B43AE8EA10000000905670000

00000000C716541F08D6374BA53F6B22D55B964E010095D931D47BAF1D4D93F9C43E656DFA4200000003063F0000

00000000C716541F08D6374BA53F6B22D55B964E010095D931D47BAF1D4D93F9C43E656DFA420000000A2DCC0000

00000000C716541F08D6374BA53F6B22D55B964E010095D931D47BAF1D4D93F9C43E656DFA420000000D240F0000

00000000C716541F08D6374BA53F6B22D55B964E010095D931D47BAF1D4D93F9C43E656DFA42000000118AC20000

00000000C716541F08D6374BA53F6B22D55B964E0100700AFC03BE90CA438DEF8E9B7EA3E4280000009F95E30000

00000000C716541F08D6374BA53F6B22D55B964E0100700AFC03BE90CA438DEF8E9B7EA3E428000057C1941D0000

00000000C716541F08D6374BA53F6B22D55B964E0100700AFC03BE90CA438DEF8E9B7EA3E42800007A3DE1750000

00000000C716541F08D6374BA53F6B22D55B964E0100700AFC03BE90CA438DEF8E9B7EA3E42800008D351A2F0000

00000000C716541F08D6374BA53F6B22D55B964E0100700AFC03BE90CA438DEF8E9B7EA3E42800008D4352D80000

00000000C716541F08D6374BA53F6B22D55B964E0100700AFC03BE90CA438DEF8E9B7EA3E42800008D61EA2E0000

00000000C716541F08D6374BA53F6B22D55B964E01000FF99B6B7F115648819A0D2486B33A2D00005D789DE10000

00000000C716541F08D6374BA53F6B22D55B964E01000FF99B6B7F115648819A0D2486B33A2D0001520E5A7A0000

00000000C716541F08D6374BA53F6B22D55B964E01000FF99B6B7F115648819A0D2486B33A2D00023D64B3D20000

00000000C716541F08D6374BA53F6B22D55B964E01000FF99B6B7F115648819A0D2486B33A2D00032B3033500000

